<?xml version="1.0" encoding="UTF-8"?>
<!-- Generated by org.testng.reporters.JUnitXMLReporter -->
<testsuite ignored="0" hostname="LAPTOP-PG7LGFSG" failures="0" tests="2" name="Default test" time="81.518" errors="0" timestamp="2022-07-21T16:54:25 IST">
  <testcase classname="com.test.TC_001_VerifyBCportalSignin" name="Verifysignin_invaliddata" time="12.099"/>
  <testcase classname="com.test.TC_001_VerifyBCportalSignin" name="Verifysignin_validdata" time="69.334"/>
</testsuite> <!-- Default test -->
