<?xml version="1.0" encoding="UTF-8"?>
<testng-results ignored="0" total="2" passed="2" failed="0" skipped="0">
  <reporter-output>
  </reporter-output>
  <suite started-at="2022-07-26T12:30:37 IST" name="SignInSuite" finished-at="2022-07-26T12:31:54 IST" duration-ms="77500">
    <groups>
    </groups>
    <test started-at="2022-07-26T12:30:37 IST" name="SignInTest" finished-at="2022-07-26T12:31:54 IST" duration-ms="77500">
      <class name="com.test.TC_001_VerifyBCportalSignin">
        <test-method is-config="true" signature="bc()[pri:0, instance:com.test.TC_001_VerifyBCportalSignin@7722c3c3]" started-at="2022-07-26T12:30:37 IST" name="bc" finished-at="2022-07-26T12:30:37 IST" duration-ms="30" status="PASS">
          <reporter-output>
          </reporter-output>
        </test-method> <!-- bc -->
        <test-method is-config="true" signature="browseropen()[pri:0, instance:com.test.TC_001_VerifyBCportalSignin@7722c3c3]" started-at="2022-07-26T12:30:37 IST" name="browseropen" finished-at="2022-07-26T12:30:52 IST" duration-ms="15068" status="PASS">
          <reporter-output>
          </reporter-output>
        </test-method> <!-- browseropen -->
        <test-method signature="Verifysignin_invaliddata()[pri:0, instance:com.test.TC_001_VerifyBCportalSignin@7722c3c3]" started-at="2022-07-26T12:30:52 IST" name="Verifysignin_invaliddata" finished-at="2022-07-26T12:30:53 IST" duration-ms="1424" status="PASS">
          <reporter-output>
          </reporter-output>
        </test-method> <!-- Verifysignin_invaliddata -->
        <test-method is-config="true" signature="browserclose()[pri:0, instance:com.test.TC_001_VerifyBCportalSignin@7722c3c3]" started-at="2022-07-26T12:30:53 IST" name="browserclose" finished-at="2022-07-26T12:30:54 IST" duration-ms="421" status="PASS">
          <reporter-output>
          </reporter-output>
        </test-method> <!-- browserclose -->
        <test-method is-config="true" signature="browseropen()[pri:0, instance:com.test.TC_001_VerifyBCportalSignin@7722c3c3]" started-at="2022-07-26T12:30:54 IST" name="browseropen" finished-at="2022-07-26T12:31:10 IST" duration-ms="16601" status="PASS">
          <reporter-output>
          </reporter-output>
        </test-method> <!-- browseropen -->
        <test-method signature="Verifysignin_validdata()[pri:0, instance:com.test.TC_001_VerifyBCportalSignin@7722c3c3]" started-at="2022-07-26T12:31:10 IST" name="Verifysignin_validdata" finished-at="2022-07-26T12:31:50 IST" duration-ms="39773" status="PASS">
          <reporter-output>
          </reporter-output>
        </test-method> <!-- Verifysignin_validdata -->
        <test-method is-config="true" signature="browserclose()[pri:0, instance:com.test.TC_001_VerifyBCportalSignin@7722c3c3]" started-at="2022-07-26T12:31:50 IST" name="browserclose" finished-at="2022-07-26T12:31:54 IST" duration-ms="4143" status="PASS">
          <reporter-output>
          </reporter-output>
        </test-method> <!-- browserclose -->
      </class> <!-- com.test.TC_001_VerifyBCportalSignin -->
    </test> <!-- SignInTest -->
  </suite> <!-- SignInSuite -->
</testng-results>
